<?xml version="1.0" encoding="UTF-8"?>
<!-- Generated by org.testng.reporters.JUnitXMLReporter -->
<testsuite ignored="0" hostname="DESKTOP-1UR5ED5" failures="2" tests="6" name="Test" time="0.285" errors="0" timestamp="2023-04-12T16:20:22 IST">
  <testcase classname="com.testng.AnnotationsProg" name="test2" time="0.009"/>
  <testcase classname="com.testng.AnnotationsProg" name="test3" time="0.006"/>
  <testcase classname="com.testng.AnnotationsProg" name="test" time="0.014"/>
  <testcase classname="com.testng.Attributes" name="test3" time="0.009">
    <failure type="java.lang.AssertionError" message="expected [true] but found [false]">
      <![CDATA[java.lang.AssertionError: expected [true] but found [false]
at com.testng.Attributes.test3(Attributes.java:50)
at java.base/java.util.ArrayList.forEach(ArrayList.java:1511)
... Removed 33 stack frames]]>
    </failure>
  </testcase> <!-- test3 -->
  <testcase classname="com.testng.Attributes" name="test" time="0.004">
    <failure type="java.lang.ArithmeticException" message="/ by zero">
      <![CDATA[java.lang.ArithmeticException: / by zero
at com.testng.Attributes.test(Attributes.java:39)
at java.base/java.util.ArrayList.forEach(ArrayList.java:1511)
... Removed 27 stack frames]]>
    </failure>
  </testcase> <!-- test -->
  <testcase classname="com.testng.Attributes" name="test2" time="0.0">
    <skipped/>
  </testcase> <!-- test2 -->
</testsuite> <!-- Test -->
